<?xml version="1.0" encoding="UTF-8"?>
<!-- Generated by org.testng.reporters.JUnitReportReporter -->
<testsuite hostname="LAPTOP-FBVAVOUD" name="com.phptravels.qa.testcases.LoginPageTest" tests="3" failures="0" timestamp="10 Aug 2019 15:57:26 GMT" time="28.673" errors="0">
  <testcase name="loginPageTitleTest" time="7.974" classname="com.phptravels.qa.testcases.LoginPageTest"/>
  <testcase name="mercurylogoTest" time="8.157" classname="com.phptravels.qa.testcases.LoginPageTest"/>
  <testcase name="loginTest" time="12.542" classname="com.phptravels.qa.testcases.LoginPageTest"/>
</testsuite> <!-- com.phptravels.qa.testcases.LoginPageTest -->
